sample/build/outputs/logs/manifest-merger-debug-report.txt
-- Merging decision tree log ---
manifest
ADDED from src\main\AndroidManifest.xml:2:1-50:12
INJECTED from src\main\AndroidManifest.xml:2:1-50:12
INJECTED from src\main\AndroidManifest.xml:2:1-50:12
INJECTED from src\main\AndroidManifest.xml:2:1-50:12
MERGED from [:playerview] AndroidManifest.xml:2:1-24:12
MERGED from [com.github.Rukey7:TagLayout:1.0.3] AndroidManifest.xml:2:1-17:12
MERGED from [:ijkplayerso] AndroidManifest.xml:2:1-11:12
MERGED from [com.android.support:appcompat-v7:27.1.1] AndroidManifest.xml:17:1-22:12
MERGED from [com.android.support:support-fragment:27.1.1] AndroidManifest.xml:17:1-22:12
MERGED from [com.android.support:animated-vector-drawable:27.1.1] AndroidManifest.xml:17:1-22:12
MERGED from [com.android.support:support-core-ui:27.1.1] AndroidManifest.xml:17:1-22:12
MERGED from [com.android.support:support-core-utils:27.1.1] AndroidManifest.xml:17:1-22:12
MERGED from [com.android.support:support-vector-drawable:27.1.1] AndroidManifest.xml:17:1-22:12
MERGED from [com.android.support:support-compat:27.1.1] AndroidManifest.xml:17:1-22:12
MERGED from [:ijkplayer-java] AndroidManifest.xml:2:1-9:12
MERGED from [com.github.ctiao:DanmakuFlameMaster:0.6.2] AndroidManifest.xml:17:1-26:12
MERGED from [android.arch.lifecycle:livedata-core:1.1.0] AndroidManifest.xml:17:1-22:12
MERGED from [android.arch.lifecycle:viewmodel:1.1.0] AndroidManifest.xml:17:1-22:12
MERGED from [android.arch.lifecycle:runtime:1.1.0] AndroidManifest.xml:17:1-22:12
MERGED from [android.arch.core:runtime:1.1.0] AndroidManifest.xml:17:1-22:12
INJECTED from src\main\AndroidManifest.xml:2:1-50:12
INJECTED from src\main\AndroidManifest.xml:2:1-50:12
INJECTED from src\main\AndroidManifest.xml:2:1-50:12
	package
		ADDED from src\main\AndroidManifest.xml:3:11-38
		INJECTED from src\main\AndroidManifest.xml
		INJECTED from src\main\AndroidManifest.xml
	android:versionName
		INJECTED from src\main\AndroidManifest.xml
		ADDED from src\main\AndroidManifest.xml:2:1-50:12
		INJECTED from src\main\AndroidManifest.xml
	android:versionCode
		INJECTED from src\main\AndroidManifest.xml
		ADDED from src\main\AndroidManifest.xml:2:1-50:12
		INJECTED from src\main\AndroidManifest.xml
	xmlns:android
		ADDED from src\main\AndroidManifest.xml:2:11-69
uses-permission#android.permission.INTERNET
ADDED from src\main\AndroidManifest.xml:5:5-66
MERGED from [:playerview] AndroidManifest.xml:12:5-67
MERGED from [:playerview] AndroidManifest.xml:12:5-67
	android:name
		ADDED from src\main\AndroidManifest.xml:5:22-64
uses-permission#android.permission.WAKE_LOCK
ADDED from src\main\AndroidManifest.xml:6:5-67
MERGED from [:playerview] AndroidManifest.xml:13:5-68
MERGED from [:playerview] AndroidManifest.xml:13:5-68
	android:name
		ADDED from src\main\AndroidManifest.xml:6:22-65
uses-permission#android.permission.WRITE_EXTERNAL_STORAGE
ADDED from src\main\AndroidManifest.xml:7:5-80
MERGED from [:playerview] AndroidManifest.xml:16:5-81
MERGED from [:playerview] AndroidManifest.xml:16:5-81
	android:name
		ADDED from src\main\AndroidManifest.xml:7:22-78
uses-permission#android.permission.MOUNT_UNMOUNT_FILESYSTEMS
ADDED from src\main\AndroidManifest.xml:8:5-83
	android:name
		ADDED from src\main\AndroidManifest.xml:8:22-81
uses-permission#android.permission.READ_EXTERNAL_STORAGE
ADDED from src\main\AndroidManifest.xml:9:5-79
MERGED from [:playerview] AndroidManifest.xml:15:5-80
MERGED from [:playerview] AndroidManifest.xml:15:5-80
	android:name
		ADDED from src\main\AndroidManifest.xml:9:22-77
application
ADDED from src\main\AndroidManifest.xml:12:5-48:19
MERGED from [:playerview] AndroidManifest.xml:18:5-22:19
MERGED from [:playerview] AndroidManifest.xml:18:5-22:19
MERGED from [com.github.Rukey7:TagLayout:1.0.3] AndroidManifest.xml:11:5-15:19
MERGED from [com.github.Rukey7:TagLayout:1.0.3] AndroidManifest.xml:11:5-15:19
	android:supportsRtl
		ADDED from src\main\AndroidManifest.xml:16:9-35
	android:label
		ADDED from src\main\AndroidManifest.xml:15:9-41
	android:icon
		ADDED from src\main\AndroidManifest.xml:14:9-43
	android:allowBackup
		ADDED from src\main\AndroidManifest.xml:13:9-35
	android:theme
		ADDED from src\main\AndroidManifest.xml:17:9-40
activity#com.zl.playerdemo.MainActivity
ADDED from src\main\AndroidManifest.xml:18:9-26:20
	android:screenOrientation
		ADDED from src\main\AndroidManifest.xml:20:13-49
	android:name
		ADDED from src\main\AndroidManifest.xml:19:13-41
intent-filter#action:name:android.intent.action.MAIN+category:name:android.intent.category.LAUNCHER
ADDED from src\main\AndroidManifest.xml:21:13-25:29
action#android.intent.action.MAIN
ADDED from src\main\AndroidManifest.xml:22:17-68
	android:name
		ADDED from src\main\AndroidManifest.xml:22:25-66
category#android.intent.category.LAUNCHER
ADDED from src\main\AndroidManifest.xml:24:17-76
	android:name
		ADDED from src\main\AndroidManifest.xml:24:27-74
activity#com.zl.playerdemo.IjkPlayerActivity
ADDED from src\main\AndroidManifest.xml:27:9-31:20
	android:windowSoftInputMode
		ADDED from src\main\AndroidManifest.xml:30:13-67
	android:configChanges
		ADDED from src\main\AndroidManifest.xml:29:13-74
	android:name
		ADDED from src\main\AndroidManifest.xml:28:13-46
activity#com.zl.playerdemo.IjkFullscreenActivity
ADDED from src\main\AndroidManifest.xml:32:9-33:20
	android:name
		ADDED from src\main\AndroidManifest.xml:32:19-56
activity#com.zl.playerdemo.TestAspectActivity
ADDED from src\main\AndroidManifest.xml:34:9-37:20
	android:configChanges
		ADDED from src\main\AndroidManifest.xml:36:13-74
	android:name
		ADDED from src\main\AndroidManifest.xml:35:13-47
activity#com.zl.playerdemo.CustomDanmakuActivity
ADDED from src\main\AndroidManifest.xml:38:9-42:20
	android:windowSoftInputMode
		ADDED from src\main\AndroidManifest.xml:41:13-67
	android:configChanges
		ADDED from src\main\AndroidManifest.xml:40:13-74
	android:name
		ADDED from src\main\AndroidManifest.xml:39:13-50
activity#com.zl.playerdemo.SwitchVideoActivity
ADDED from src\main\AndroidManifest.xml:43:9-45:20
	android:configChanges
		ADDED from src\main\AndroidManifest.xml:44:19-80
	android:name
		ADDED from src\main\AndroidManifest.xml:43:19-54
activity#com.zl.playerdemo.VideoActivity
ADDED from src\main\AndroidManifest.xml:46:9-47:76
	android:configChanges
		ADDED from src\main\AndroidManifest.xml:47:13-74
	android:name
		ADDED from src\main\AndroidManifest.xml:46:19-48
uses-sdk
INJECTED from src\main\AndroidManifest.xml reason: use-sdk injection requested
INJECTED from src\main\AndroidManifest.xml
INJECTED from src\main\AndroidManifest.xml
MERGED from [:playerview] AndroidManifest.xml:7:5-9:41
MERGED from [:playerview] AndroidManifest.xml:7:5-9:41
MERGED from [com.github.Rukey7:TagLayout:1.0.3] AndroidManifest.xml:7:5-9:41
MERGED from [com.github.Rukey7:TagLayout:1.0.3] AndroidManifest.xml:7:5-9:41
MERGED from [:ijkplayerso] AndroidManifest.xml:7:5-9:41
MERGED from [:ijkplayerso] AndroidManifest.xml:7:5-9:41
MERGED from [com.android.support:appcompat-v7:27.1.1] AndroidManifest.xml:20:5-44
MERGED from [com.android.support:appcompat-v7:27.1.1] AndroidManifest.xml:20:5-44
MERGED from [com.android.support:support-fragment:27.1.1] AndroidManifest.xml:20:5-44
MERGED from [com.android.support:support-fragment:27.1.1] AndroidManifest.xml:20:5-44
MERGED from [com.android.support:animated-vector-drawable:27.1.1] AndroidManifest.xml:20:5-44
MERGED from [com.android.support:animated-vector-drawable:27.1.1] AndroidManifest.xml:20:5-44
MERGED from [com.android.support:support-core-ui:27.1.1] AndroidManifest.xml:20:5-44
MERGED from [com.android.support:support-core-ui:27.1.1] AndroidManifest.xml:20:5-44
MERGED from [com.android.support:support-core-utils:27.1.1] AndroidManifest.xml:20:5-44
MERGED from [com.android.support:support-core-utils:27.1.1] AndroidManifest.xml:20:5-44
MERGED from [com.android.support:support-vector-drawable:27.1.1] AndroidManifest.xml:20:5-44
MERGED from [com.android.support:support-vector-drawable:27.1.1] AndroidManifest.xml:20:5-44
MERGED from [com.android.support:support-compat:27.1.1] AndroidManifest.xml:20:5-44
MERGED from [com.android.support:support-compat:27.1.1] AndroidManifest.xml:20:5-44
MERGED from [:ijkplayer-java] AndroidManifest.xml:5:5-7:41
MERGED from [:ijkplayer-java] AndroidManifest.xml:5:5-7:41
MERGED from [com.github.ctiao:DanmakuFlameMaster:0.6.2] AndroidManifest.xml:22:5-24:41
MERGED from [com.github.ctiao:DanmakuFlameMaster:0.6.2] AndroidManifest.xml:22:5-24:41
MERGED from [android.arch.lifecycle:livedata-core:1.1.0] AndroidManifest.xml:20:5-44
MERGED from [android.arch.lifecycle:livedata-core:1.1.0] AndroidManifest.xml:20:5-44
MERGED from [android.arch.lifecycle:viewmodel:1.1.0] AndroidManifest.xml:20:5-44
MERGED from [android.arch.lifecycle:viewmodel:1.1.0] AndroidManifest.xml:20:5-44
MERGED from [android.arch.lifecycle:runtime:1.1.0] AndroidManifest.xml:20:5-44
MERGED from [android.arch.lifecycle:runtime:1.1.0] AndroidManifest.xml:20:5-44
MERGED from [android.arch.core:runtime:1.1.0] AndroidManifest.xml:20:5-44
MERGED from [android.arch.core:runtime:1.1.0] AndroidManifest.xml:20:5-44
INJECTED from src\main\AndroidManifest.xml
INJECTED from src\main\AndroidManifest.xml
	android:targetSdkVersion
		INJECTED from src\main\AndroidManifest.xml
		ADDED from src\main\AndroidManifest.xml
		INJECTED from src\main\AndroidManifest.xml
	android:minSdkVersion
		INJECTED from src\main\AndroidManifest.xml
		ADDED from src\main\AndroidManifest.xml
		INJECTED from src\main\AndroidManifest.xml
uses-permission#android.permission.BATTERY_STATS
ADDED from [:playerview] AndroidManifest.xml:11:5-72
	android:name
		ADDED from [:playerview] AndroidManifest.xml:11:22-69
uses-permission#android.permission.ACCESS_NETWORK_STATE
ADDED from [:playerview] AndroidManifest.xml:14:5-79
	android:name
		ADDED from [:playerview] AndroidManifest.xml:14:22-76